<?xml version="1.0" encoding="UTF-8"?>
<!-- Generated by org.testng.reporters.JUnitReportReporter -->
<testsuite hostname="Swapnil" failures="0" tests="2" name="TestLayer.SelectSeatTest" time="2.306" errors="0" timestamp="2022-12-12T17:12:41 IST" skipped="0">
  <testcase classname="TestLayer.SelectSeatTest" name="click_on_view_seat" time="1.645"/>
  <system-out/>
  <testcase classname="TestLayer.SelectSeatTest" name="click_on_select_seat" time="0.661"/>
  <system-out/>
</testsuite> <!-- TestLayer.SelectSeatTest -->
