<?xml version="1.0" encoding="UTF-8"?>
<!-- Generated by org.testng.reporters.JUnitReportReporter -->
<testsuite hostname="Swapnil" failures="0" tests="4" name="TestLayer.SearchBusesTest" time="8.487" errors="0" timestamp="2022-12-12T17:12:41 IST" skipped="0">
  <testcase classname="TestLayer.SearchBusesTest" name="setup" time="7.049"/>
  <system-out/>
  <testcase classname="TestLayer.SearchBusesTest" name="searchBuses" time="1.243"/>
  <system-out/>
  <testcase classname="TestLayer.SearchBusesTest" name="selectDate" time="0.114"/>
  <system-out/>
  <testcase classname="TestLayer.SearchBusesTest" name="search" time="0.081"/>
  <system-out/>
</testsuite> <!-- TestLayer.SearchBusesTest -->
